<?xml version="1.0" encoding="UTF-8"?>
<!-- Generated by org.testng.reporters.JUnitReportReporter -->
<testsuite hostname="DESKTOP-JD9QH3S" failures="0" tests="1" name="testCases.FileUploadDemo2" time="3.763" errors="0" timestamp="23 May 2022 15:31:30 GMT">
  <testcase classname="testCases.FileUploadDemo2" name="robotTest" time="3.763"/>
</testsuite> <!-- testCases.FileUploadDemo2 -->
